#
# There is insufficient memory for the Java Runtime Environment to continue.
# Native memory allocation (mmap) failed to map 48234496 bytes for Failed to commit area from 0x00000006e9800000 to 0x00000006ec600000 of length 48234496.
# Possible reasons:
#   The system is out of physical RAM or swap space
#   The process is running with CompressedOops enabled, and the Java Heap may be blocking the growth of the native heap
# Possible solutions:
#   Reduce memory load on the system
#   Increase physical memory or swap space
#   Check if swap backing store is full
#   Decrease Java heap size (-Xmx/-Xms)
#   Decrease number of Java threads
#   Decrease Java thread stack sizes (-Xss)
#   Set larger code cache with -XX:ReservedCodeCacheSize=
#   JVM is running with Zero Based Compressed Oops mode in which the Java heap is
#     placed in the first 32GB address space. The Java Heap base address is the
#     maximum limit for the native heap growth. Please use -XX:HeapBaseMinAddress
#     to set the Java Heap base and to place the Java Heap above 32GB virtual address.
# This output file may be truncated or incomplete.
#
#  Out of Memory Error (./open/src/hotspot/os/windows/os_windows.cpp:3273), pid=7176, tid=2332
#
# JRE version: Java(TM) SE Runtime Environment 18.9 (11.0.11+9) (build 11.0.11+9-LTS-194)
# Java VM: Java HotSpot(TM) 64-Bit Server VM 18.9 (11.0.11+9-LTS-194, mixed mode, tiered, compressed oops, g1 gc, windows-amd64)
# No core dump will be written. Minidumps are not enabled by default on client versions of Windows
#

---------------  S U M M A R Y ------------

Command Line: --add-opens=java.base/java.util=ALL-UNNAMED --add-opens=java.base/java.lang=ALL-UNNAMED --add-opens=java.base/java.lang.invoke=ALL-UNNAMED --add-opens=java.prefs/java.util.prefs=ALL-UNNAMED -Xmx4608m -Dfile.encoding=windows-1252 -Duser.country=IN -Duser.language=en -Duser.variant org.gradle.launcher.daemon.bootstrap.GradleDaemon 6.9

Host: Intel(R) Celeron(R) N4020 CPU @ 1.10GHz, 2 cores, 3G,  Windows 10 , 64 bit Build 22000 (10.0.22000.675)
Time: Thu Jun 16 10:03:05 2022 India Standard Time elapsed time: 44.301022 seconds (0d 0h 0m 44s)

---------------  T H R E A D  ---------------

Current thread (0x00000175bf0d0800):  VMThread "VM Thread" [stack: 0x0000006925d00000,0x0000006925e00000] [id=2332]

Stack: [0x0000006925d00000,0x0000006925e00000]
[error occurred during error reporting (printing stack bounds), id 0xc0000005, EXCEPTION_ACCESS_VIOLATION (0xc0000005) at pc=0x00000175a3450f3d]

Native frames: (J=compiled Java code, j=interpreted, Vv=VM code, C=native code)
V  [jvm.dll+0x616f2a]
V  [jvm.dll+0x74de7f]
V  [jvm.dll+0x74f505]
V  [jvm.dll+0x74fae5]
V  [jvm.dll+0x74fa9b]
V  [jvm.dll+0x616763]
V  [jvm.dll+0x616b28]
C  [ntdll.dll+0xa8e4f]
C  [ntdll.dll+0x35e9a]
C  [ntdll.dll+0xa7e5e]
C  0x00000175a3450f3d

VM_Operation (0x00000069273fdfb0): G1CollectForAllocation, mode: safepoint, requested by thread 0x00000175c07f0000


---------------  P R O C E S S  ---------------

Threads class SMR info:
_java_thread_list=0x00000175c58c6800, length=154, elements={
0x000001759af9e000, 0x00000175bf0f5000, 0x00000175bf0fe000, 0x00000175bf111800,
0x00000175bf112800, 0x00000175bf113800, 0x00000175bf11a000, 0x00000175bf9c6000,
0x00000175bfac8000, 0x00000175bfaec000, 0x00000175c0f90800, 0x00000175c08f6000,
0x00000175c0e2d800, 0x00000175c128f000, 0x00000175c1290000, 0x00000175c14f0800,
0x00000175c14f1000, 0x00000175c1613800, 0x00000175c1392000, 0x00000175c1392800,
0x00000175c07f0000, 0x00000175c07f3800, 0x00000175c07f4000, 0x00000175c07f1800,
0x00000175c07f5000, 0x00000175c07ef000, 0x00000175c07f5800, 0x00000175c07f1000,
0x00000175c07f2800, 0x00000175c3cd2800, 0x00000175c3cd4000, 0x00000175c3ccf800,
0x00000175c3cd1000, 0x00000175c3cd6000, 0x00000175c3cd3800, 0x00000175c3cd6800,
0x00000175c3cd7800, 0x00000175c3cd1800, 0x00000175c3cdc800, 0x00000175c3cda800,
0x00000175c3cd9000, 0x00000175c3cdd000, 0x00000175c3cde000, 0x00000175c3cd8800,
0x00000175c3cda000, 0x00000175c3cdb800, 0x00000175c159c800, 0x00000175c159d000,
0x00000175c159f800, 0x00000175c159b800, 0x00000175c159a000, 0x00000175c159e000,
0x00000175c159a800, 0x00000175c15a3800, 0x00000175c15a1000, 0x00000175c159f000,
0x00000175c15a5800, 0x00000175c15a0800, 0x00000175c15a2000, 0x00000175c15a4800,
0x00000175c15a6000, 0x00000175c15a7000, 0x00000175c15a8000, 0x00000175c15a8800,
0x00000175c15a3000, 0x00000175c4396000, 0x00000175c4392800, 0x00000175c4393800,
0x00000175c4397000, 0x00000175c4394800, 0x00000175c4395000, 0x00000175c4391000,
0x00000175c4397800, 0x00000175c4392000, 0x00000175c439b800, 0x00000175c439c800,
0x00000175c439e000, 0x00000175c439d800, 0x00000175c4398800, 0x00000175c439a000,
0x00000175c439f000, 0x00000175c4399800, 0x00000175c43a0000, 0x00000175c439b000,
0x00000175c0b7d000, 0x00000175c0b78800, 0x00000175c0b7c000, 0x00000175c0b79800,
0x00000175c0b7d800, 0x00000175c0b78000, 0x00000175c0b7a800, 0x00000175c0b7e800,
0x00000175c0b7f800, 0x00000175c0b80000, 0x00000175c0b81000, 0x00000175c0b7b000,
0x00000175c0b85000, 0x00000175c0b83800, 0x00000175c0b86000, 0x00000175c0b86800,
0x00000175c0b84000, 0x00000175c0b81800, 0x00000175c0b82800, 0x00000175bfc9e800,
0x00000175bfc9c000, 0x00000175bfc9f800, 0x00000175bfc99800, 0x00000175bfca0000,
0x00000175bfc9d800, 0x00000175bfc9a800, 0x00000175bfca1000, 0x00000175bfc9b000,
0x00000175bfca1800, 0x00000175bfca2800, 0x00000175bfc9d000, 0x00000175bfca6000,
0x00000175bfca6800, 0x00000175bfca5000, 0x00000175bfca8800, 0x00000175bfca7800,
0x00000175bfca3800, 0x00000175bfca4000, 0x00000175c3fd3800, 0x00000175c3fd4000,
0x00000175c3fd5000, 0x00000175c3fd0000, 0x00000175c3fd6000, 0x00000175c3fd1800,
0x00000175c3fd6800, 0x00000175c3fd1000, 0x00000175c3fd7800, 0x00000175c3fd8800,
0x00000175c3fd2800, 0x00000175c3fd9000, 0x00000175c3fda000, 0x00000175c3fdd000,
0x00000175c3fda800, 0x00000175c3fde000, 0x00000175c3fdb800, 0x00000175c3fdf000,
0x00000175c3fdc800, 0x00000175c1eaf800, 0x00000175c1eb3000, 0x00000175c1ead800,
0x00000175c1eae000, 0x00000175c1eb1800, 0x00000175c1eb2000, 0x00000175c1eb4800,
0x00000175c1eb4000, 0x00000175c1eaf000, 0x00000175c1eb5800, 0x00000175c1eb6800,
0x00000175c1eb0800, 0x00000175c1eb8800
}

Java Threads: ( => current thread )
  0x000001759af9e000 JavaThread "main" [_thread_blocked, id=6520, stack(0x0000006925600000,0x0000006925700000)]
  0x00000175bf0f5000 JavaThread "Reference Handler" daemon [_thread_blocked, id=636, stack(0x0000006925e00000,0x0000006925f00000)]
  0x00000175bf0fe000 JavaThread "Finalizer" daemon [_thread_blocked, id=13120, stack(0x0000006925f00000,0x0000006926000000)]
  0x00000175bf111800 JavaThread "Signal Dispatcher" daemon [_thread_blocked, id=3320, stack(0x0000006926000000,0x0000006926100000)]
  0x00000175bf112800 JavaThread "Attach Listener" daemon [_thread_blocked, id=12536, stack(0x0000006926100000,0x0000006926200000)]
  0x00000175bf113800 JavaThread "C2 CompilerThread0" daemon [_thread_blocked, id=10484, stack(0x0000006926200000,0x0000006926300000)]
  0x00000175bf11a000 JavaThread "C1 CompilerThread0" daemon [_thread_blocked, id=4992, stack(0x0000006926300000,0x0000006926400000)]
  0x00000175bf9c6000 JavaThread "Sweeper thread" daemon [_thread_blocked, id=13184, stack(0x0000006926400000,0x0000006926500000)]
  0x00000175bfac8000 JavaThread "Common-Cleaner" daemon [_thread_blocked, id=7636, stack(0x0000006926500000,0x0000006926600000)]
  0x00000175bfaec000 JavaThread "Service Thread" daemon [_thread_blocked, id=660, stack(0x0000006926600000,0x0000006926700000)]
  0x00000175c0f90800 JavaThread "Daemon health stats" [_thread_blocked, id=892, stack(0x0000006926900000,0x0000006926a00000)]
  0x00000175c08f6000 JavaThread "Incoming local TCP Connector on port 56920" [_thread_in_native, id=12504, stack(0x0000006926a00000,0x0000006926b00000)]
  0x00000175c0e2d800 JavaThread "Daemon periodic checks" [_thread_blocked, id=5436, stack(0x0000006926b00000,0x0000006926c00000)]
  0x00000175c128f000 JavaThread "Daemon" [_thread_blocked, id=2660, stack(0x0000006926c00000,0x0000006926d00000)]
  0x00000175c1290000 JavaThread "Handler for socket connection from /127.0.0.1:56920 to /127.0.0.1:56921" [_thread_in_native, id=4452, stack(0x0000006926d00000,0x0000006926e00000)]
  0x00000175c14f0800 JavaThread "Cancel handler" [_thread_blocked, id=8176, stack(0x0000006926e00000,0x0000006926f00000)]
  0x00000175c14f1000 JavaThread "Daemon worker" [_thread_blocked, id=8692, stack(0x0000006926f00000,0x0000006927000000)]
  0x00000175c1613800 JavaThread "Asynchronous log dispatcher for DefaultDaemonConnection: socket connection from /127.0.0.1:56920 to /127.0.0.1:56921" [_thread_blocked, id=2224, stack(0x0000006927000000,0x0000006927100000)]
  0x00000175c1392000 JavaThread "Stdin handler" [_thread_blocked, id=8456, stack(0x0000006927100000,0x0000006927200000)]
  0x00000175c1392800 JavaThread "Daemon client event forwarder" [_thread_blocked, id=7580, stack(0x0000006927200000,0x0000006927300000)]
  0x00000175c07f0000 JavaThread "Cache worker for file hash cache (C:\Users\jeyas\.gradle\caches\6.9\fileHashes)" [_thread_blocked, id=7060, stack(0x0000006927300000,0x0000006927400000)]
  0x00000175c07f3800 JavaThread "File lock request listener" [_thread_in_native, id=13136, stack(0x0000006927400000,0x0000006927500000)]
  0x00000175c07f4000 JavaThread "Cache worker for journal cache (C:\Users\jeyas\.gradle\caches\journal-1)" [_thread_blocked, id=12780, stack(0x0000006927500000,0x0000006927600000)]
  0x00000175c07f1800 JavaThread "Cache worker for file hash cache (C:\Users\jeyas\Desktop\final script\android\.gradle\6.9\fileHashes)" [_thread_blocked, id=11860, stack(0x0000006927600000,0x0000006927700000)]
  0x00000175c07f5000 JavaThread "Cache worker for checksums cache (C:\Users\jeyas\Desktop\final script\android\.gradle\checksums)" [_thread_blocked, id=2780, stack(0x0000006927700000,0x0000006927800000)]
  0x00000175c07ef000 JavaThread "Cache worker for cache directory md-supplier (C:\Users\jeyas\.gradle\caches\6.9\md-supplier)" [_thread_blocked, id=10608, stack(0x0000006927800000,0x0000006927900000)]
  0x00000175c07f5800 JavaThread "Cache worker for cache directory md-rule (C:\Users\jeyas\.gradle\caches\6.9\md-rule)" [_thread_blocked, id=10412, stack(0x0000006927900000,0x0000006927a00000)]
  0x00000175c07f1000 JavaThread "Cache worker for execution history cache (C:\Users\jeyas\.gradle\caches\6.9\executionHistory)" [_thread_blocked, id=9328, stack(0x0000006927a00000,0x0000006927b00000)]
  0x00000175c07f2800 JavaThread "jar transforms" [_thread_blocked, id=13248, stack(0x0000006927b00000,0x0000006927c00000)]
  0x00000175c3cd2800 JavaThread "Cache worker for file content cache (C:\Users\jeyas\.gradle\caches\6.9\fileContent)" [_thread_blocked, id=5240, stack(0x0000006927c00000,0x0000006927d00000)]
  0x00000175c3cd4000 JavaThread "Cache worker for Build Output Cleanup Cache (C:\Users\jeyas\Desktop\final script\android\.gradle\buildOutputCleanup)" [_thread_blocked, id=8276, stack(0x0000006927d00000,0x0000006927e00000)]
  0x00000175c3ccf800 JavaThread "Build operations" [_thread_blocked, id=11944, stack(0x0000006927e00000,0x0000006927f00000)]
  0x00000175c3cd1000 JavaThread "Build operations Thread 2" [_thread_blocked, id=10144, stack(0x0000006927f00000,0x0000006928000000)]
  0x00000175c3cd6000 JavaThread "jar transforms Thread 2" [_thread_blocked, id=3788, stack(0x0000006928000000,0x0000006928100000)]
  0x00000175c3cd3800 JavaThread "jar transforms Thread 3" [_thread_blocked, id=11432, stack(0x0000006928100000,0x0000006928200000)]
  0x00000175c3cd6800 JavaThread "jar transforms Thread 4" [_thread_blocked, id=5708, stack(0x0000006928200000,0x0000006928300000)]
  0x00000175c3cd7800 JavaThread "jar transforms Thread 5" [_thread_blocked, id=9184, stack(0x0000006928300000,0x0000006928400000)]
  0x00000175c3cd1800 JavaThread "jar transforms Thread 6" [_thread_blocked, id=7200, stack(0x0000006928400000,0x0000006928500000)]
  0x00000175c3cdc800 JavaThread "jar transforms Thread 7" [_thread_blocked, id=6228, stack(0x0000006928500000,0x0000006928600000)]
  0x00000175c3cda800 JavaThread "jar transforms Thread 8" [_thread_blocked, id=3408, stack(0x0000006928600000,0x0000006928700000)]
  0x00000175c3cd9000 JavaThread "jar transforms Thread 9" [_thread_blocked, id=12924, stack(0x0000006928700000,0x0000006928800000)]
  0x00000175c3cdd000 JavaThread "jar transforms Thread 10" [_thread_blocked, id=8356, stack(0x0000006928800000,0x0000006928900000)]
  0x00000175c3cde000 JavaThread "jar transforms Thread 11" [_thread_blocked, id=12680, stack(0x0000006928900000,0x0000006928a00000)]
  0x00000175c3cd8800 JavaThread "jar transforms Thread 12" [_thread_blocked, id=11800, stack(0x0000006928a00000,0x0000006928b00000)]
  0x00000175c3cda000 JavaThread "jar transforms Thread 13" [_thread_blocked, id=12416, stack(0x0000006928b00000,0x0000006928c00000)]
  0x00000175c3cdb800 JavaThread "jar transforms Thread 14" [_thread_blocked, id=6292, stack(0x0000006928c00000,0x0000006928d00000)]
  0x00000175c159c800 JavaThread "jar transforms Thread 15" [_thread_blocked, id=3296, stack(0x0000006928d00000,0x0000006928e00000)]
  0x00000175c159d000 JavaThread "jar transforms Thread 16" [_thread_blocked, id=3464, stack(0x0000006928e00000,0x0000006928f00000)]
  0x00000175c159f800 JavaThread "jar transforms Thread 17" [_thread_blocked, id=6592, stack(0x0000006928f00000,0x0000006929000000)]
  0x00000175c159b800 JavaThread "jar transforms Thread 18" [_thread_blocked, id=128, stack(0x0000006929000000,0x0000006929100000)]
  0x00000175c159a000 JavaThread "jar transforms Thread 19" [_thread_blocked, id=10004, stack(0x0000006929100000,0x0000006929200000)]
  0x00000175c159e000 JavaThread "jar transforms Thread 20" [_thread_blocked, id=12648, stack(0x0000006929200000,0x0000006929300000)]
  0x00000175c159a800 JavaThread "jar transforms Thread 21" [_thread_blocked, id=11984, stack(0x0000006929300000,0x0000006929400000)]
  0x00000175c15a3800 JavaThread "jar transforms Thread 22" [_thread_blocked, id=12784, stack(0x0000006929400000,0x0000006929500000)]
  0x00000175c15a1000 JavaThread "jar transforms Thread 23" [_thread_blocked, id=8604, stack(0x0000006929500000,0x0000006929600000)]
  0x00000175c159f000 JavaThread "jar transforms Thread 24" [_thread_blocked, id=12096, stack(0x0000006929600000,0x0000006929700000)]
  0x00000175c15a5800 JavaThread "jar transforms Thread 25" [_thread_blocked, id=9908, stack(0x0000006929700000,0x0000006929800000)]
  0x00000175c15a0800 JavaThread "jar transforms Thread 26" [_thread_blocked, id=3504, stack(0x0000006929800000,0x0000006929900000)]
  0x00000175c15a2000 JavaThread "jar transforms Thread 27" [_thread_blocked, id=8448, stack(0x0000006929900000,0x0000006929a00000)]
  0x00000175c15a4800 JavaThread "jar transforms Thread 28" [_thread_blocked, id=10416, stack(0x0000006929a00000,0x0000006929b00000)]
  0x00000175c15a6000 JavaThread "jar transforms Thread 29" [_thread_blocked, id=2824, stack(0x0000006929b00000,0x0000006929c00000)]
  0x00000175c15a7000 JavaThread "jar transforms Thread 30" [_thread_blocked, id=7948, stack(0x0000006929c00000,0x0000006929d00000)]
  0x00000175c15a8000 JavaThread "jar transforms Thread 31" [_thread_blocked, id=12472, stack(0x0000006929d00000,0x0000006929e00000)]
  0x00000175c15a8800 JavaThread "jar transforms Thread 32" [_thread_blocked, id=1892, stack(0x0000006929e00000,0x0000006929f00000)]
  0x00000175c15a3000 JavaThread "jar transforms Thread 33" [_thread_blocked, id=11172, stack(0x0000006929f00000,0x000000692a000000)]
  0x00000175c4396000 JavaThread "jar transforms Thread 34" [_thread_blocked, id=7212, stack(0x000000692a000000,0x000000692a100000)]
  0x00000175c4392800 JavaThread "jar transforms Thread 35" [_thread_blocked, id=4860, stack(0x000000692a100000,0x000000692a200000)]
  0x00000175c4393800 JavaThread "jar transforms Thread 36" [_thread_blocked, id=3588, stack(0x000000692a200000,0x000000692a300000)]
  0x00000175c4397000 JavaThread "jar transforms Thread 37" [_thread_blocked, id=10812, stack(0x000000692a300000,0x000000692a400000)]
  0x00000175c4394800 JavaThread "jar transforms Thread 38" [_thread_blocked, id=5980, stack(0x000000692a400000,0x000000692a500000)]
  0x00000175c4395000 JavaThread "jar transforms Thread 39" [_thread_blocked, id=8940, stack(0x000000692a500000,0x000000692a600000)]
  0x00000175c4391000 JavaThread "jar transforms Thread 40" [_thread_blocked, id=12440, stack(0x000000692a600000,0x000000692a700000)]
  0x00000175c4397800 JavaThread "jar transforms Thread 41" [_thread_blocked, id=12388, stack(0x000000692a700000,0x000000692a800000)]
  0x00000175c4392000 JavaThread "jar transforms Thread 42" [_thread_blocked, id=8064, stack(0x000000692a800000,0x000000692a900000)]
  0x00000175c439b800 JavaThread "jar transforms Thread 43" [_thread_blocked, id=12200, stack(0x000000692a900000,0x000000692aa00000)]
  0x00000175c439c800 JavaThread "jar transforms Thread 44" [_thread_blocked, id=8252, stack(0x000000692aa00000,0x000000692ab00000)]
  0x00000175c439e000 JavaThread "jar transforms Thread 45" [_thread_blocked, id=1980, stack(0x000000692ab00000,0x000000692ac00000)]
  0x00000175c439d800 JavaThread "jar transforms Thread 46" [_thread_blocked, id=6176, stack(0x000000692ac00000,0x000000692ad00000)]
  0x00000175c4398800 JavaThread "jar transforms Thread 47" [_thread_blocked, id=10420, stack(0x000000692ad00000,0x000000692ae00000)]
  0x00000175c439a000 JavaThread "jar transforms Thread 48" [_thread_blocked, id=2432, stack(0x000000692ae00000,0x000000692af00000)]
  0x00000175c439f000 JavaThread "jar transforms Thread 49" [_thread_blocked, id=12376, stack(0x000000692af00000,0x000000692b000000)]
  0x00000175c4399800 JavaThread "jar transforms Thread 50" [_thread_blocked, id=6168, stack(0x000000692b000000,0x000000692b100000)]
  0x00000175c43a0000 JavaThread "jar transforms Thread 51" [_thread_blocked, id=9444, stack(0x000000692b100000,0x000000692b200000)]
  0x00000175c439b000 JavaThread "jar transforms Thread 52" [_thread_blocked, id=4156, stack(0x000000692b200000,0x000000692b300000)]
  0x00000175c0b7d000 JavaThread "jar transforms Thread 53" [_thread_blocked, id=8632, stack(0x000000692b300000,0x000000692b400000)]
  0x00000175c0b78800 JavaThread "jar transforms Thread 54" [_thread_blocked, id=3344, stack(0x000000692b400000,0x000000692b500000)]
  0x00000175c0b7c000 JavaThread "jar transforms Thread 55" [_thread_blocked, id=9608, stack(0x000000692b500000,0x000000692b600000)]
  0x00000175c0b79800 JavaThread "jar transforms Thread 56" [_thread_blocked, id=4388, stack(0x000000692b600000,0x000000692b700000)]
  0x00000175c0b7d800 JavaThread "jar transforms Thread 57" [_thread_blocked, id=9064, stack(0x000000692b700000,0x000000692b800000)]
  0x00000175c0b78000 JavaThread "jar transforms Thread 58" [_thread_blocked, id=11608, stack(0x000000692b800000,0x000000692b900000)]
  0x00000175c0b7a800 JavaThread "jar transforms Thread 59" [_thread_blocked, id=11756, stack(0x000000692b900000,0x000000692ba00000)]
  0x00000175c0b7e800 JavaThread "jar transforms Thread 60" [_thread_blocked, id=5616, stack(0x000000692ba00000,0x000000692bb00000)]
  0x00000175c0b7f800 JavaThread "jar transforms Thread 61" [_thread_blocked, id=1356, stack(0x000000692bb00000,0x000000692bc00000)]
  0x00000175c0b80000 JavaThread "jar transforms Thread 62" [_thread_blocked, id=6432, stack(0x000000692bc00000,0x000000692bd00000)]
  0x00000175c0b81000 JavaThread "jar transforms Thread 63" [_thread_blocked, id=3776, stack(0x000000692bd00000,0x000000692be00000)]
  0x00000175c0b7b000 JavaThread "jar transforms Thread 64" [_thread_blocked, id=10604, stack(0x000000692be00000,0x000000692bf00000)]
  0x00000175c0b85000 JavaThread "jar transforms Thread 65" [_thread_blocked, id=7344, stack(0x000000692bf00000,0x000000692c000000)]
  0x00000175c0b83800 JavaThread "jar transforms Thread 66" [_thread_blocked, id=7204, stack(0x000000692c000000,0x000000692c100000)]
  0x00000175c0b86000 JavaThread "jar transforms Thread 67" [_thread_blocked, id=10380, stack(0x000000692c100000,0x000000692c200000)]
  0x00000175c0b86800 JavaThread "jar transforms Thread 68" [_thread_blocked, id=700, stack(0x000000692c200000,0x000000692c300000)]
  0x00000175c0b84000 JavaThread "jar transforms Thread 69" [_thread_blocked, id=4596, stack(0x000000692c300000,0x000000692c400000)]
  0x00000175c0b81800 JavaThread "jar transforms Thread 70" [_thread_blocked, id=8184, stack(0x000000692c400000,0x000000692c500000)]
  0x00000175c0b82800 JavaThread "jar transforms Thread 71" [_thread_blocked, id=7768, stack(0x000000692c500000,0x000000692c600000)]
  0x00000175bfc9e800 JavaThread "jar transforms Thread 72" [_thread_blocked, id=12876, stack(0x000000692c600000,0x000000692c700000)]
  0x00000175bfc9c000 JavaThread "jar transforms Thread 73" [_thread_blocked, id=11904, stack(0x000000692c700000,0x000000692c800000)]
  0x00000175bfc9f800 JavaThread "jar transforms Thread 74" [_thread_blocked, id=9480, stack(0x000000692c800000,0x000000692c900000)]
  0x00000175bfc99800 JavaThread "jar transforms Thread 75" [_thread_blocked, id=13268, stack(0x000000692c900000,0x000000692ca00000)]
  0x00000175bfca0000 JavaThread "jar transforms Thread 76" [_thread_blocked, id=12984, stack(0x000000692ca00000,0x000000692cb00000)]
  0x00000175bfc9d800 JavaThread "jar transforms Thread 77" [_thread_blocked, id=10012, stack(0x000000692cb00000,0x000000692cc00000)]
  0x00000175bfc9a800 JavaThread "jar transforms Thread 78" [_thread_blocked, id=7568, stack(0x000000692cc00000,0x000000692cd00000)]
  0x00000175bfca1000 JavaThread "jar transforms Thread 79" [_thread_blocked, id=668, stack(0x000000692cd00000,0x000000692ce00000)]
  0x00000175bfc9b000 JavaThread "jar transforms Thread 80" [_thread_blocked, id=8028, stack(0x000000692ce00000,0x000000692cf00000)]
  0x00000175bfca1800 JavaThread "jar transforms Thread 81" [_thread_blocked, id=3812, stack(0x000000692cf00000,0x000000692d000000)]
  0x00000175bfca2800 JavaThread "jar transforms Thread 82" [_thread_blocked, id=4708, stack(0x000000692d000000,0x000000692d100000)]
  0x00000175bfc9d000 JavaThread "jar transforms Thread 83" [_thread_blocked, id=12196, stack(0x000000692d100000,0x000000692d200000)]
  0x00000175bfca6000 JavaThread "jar transforms Thread 84" [_thread_blocked, id=6184, stack(0x000000692d200000,0x000000692d300000)]
  0x00000175bfca6800 JavaThread "jar transforms Thread 85" [_thread_blocked, id=11744, stack(0x000000692d300000,0x000000692d400000)]
  0x00000175bfca5000 JavaThread "jar transforms Thread 86" [_thread_blocked, id=12804, stack(0x000000692d400000,0x000000692d500000)]
  0x00000175bfca8800 JavaThread "jar transforms Thread 87" [_thread_blocked, id=1376, stack(0x000000692d500000,0x000000692d600000)]
  0x00000175bfca7800 JavaThread "jar transforms Thread 88" [_thread_blocked, id=4632, stack(0x000000692d600000,0x000000692d700000)]
  0x00000175bfca3800 JavaThread "jar transforms Thread 89" [_thread_blocked, id=7892, stack(0x000000692d700000,0x000000692d800000)]
  0x00000175bfca4000 JavaThread "jar transforms Thread 90" [_thread_blocked, id=12904, stack(0x000000692d800000,0x000000692d900000)]
  0x00000175c3fd3800 JavaThread "jar transforms Thread 91" [_thread_blocked, id=3876, stack(0x000000692d900000,0x000000692da00000)]
  0x00000175c3fd4000 JavaThread "jar transforms Thread 92" [_thread_blocked, id=8696, stack(0x000000692da00000,0x000000692db00000)]
  0x00000175c3fd5000 JavaThread "jar transforms Thread 93" [_thread_blocked, id=1056, stack(0x000000692db00000,0x000000692dc00000)]
  0x00000175c3fd0000 JavaThread "jar transforms Thread 94" [_thread_blocked, id=11648, stack(0x000000692dc00000,0x000000692dd00000)]
  0x00000175c3fd6000 JavaThread "jar transforms Thread 95" [_thread_blocked, id=12616, stack(0x000000692dd00000,0x000000692de00000)]
  0x00000175c3fd1800 JavaThread "jar transforms Thread 96" [_thread_blocked, id=13304, stack(0x000000692de00000,0x000000692df00000)]
  0x00000175c3fd6800 JavaThread "jar transforms Thread 97" [_thread_blocked, id=10520, stack(0x000000692df00000,0x000000692e000000)]
  0x00000175c3fd1000 JavaThread "jar transforms Thread 98" [_thread_blocked, id=1196, stack(0x000000692e000000,0x000000692e100000)]
  0x00000175c3fd7800 JavaThread "jar transforms Thread 99" [_thread_blocked, id=6684, stack(0x000000692e100000,0x000000692e200000)]
  0x00000175c3fd8800 JavaThread "jar transforms Thread 100" [_thread_blocked, id=13220, stack(0x000000692e200000,0x000000692e300000)]
  0x00000175c3fd2800 JavaThread "jar transforms Thread 101" [_thread_blocked, id=7816, stack(0x000000692e300000,0x000000692e400000)]
  0x00000175c3fd9000 JavaThread "jar transforms Thread 102" [_thread_blocked, id=12104, stack(0x000000692e400000,0x000000692e500000)]
  0x00000175c3fda000 JavaThread "jar transforms Thread 103" [_thread_blocked, id=8988, stack(0x000000692e500000,0x000000692e600000)]
  0x00000175c3fdd000 JavaThread "jar transforms Thread 104" [_thread_blocked, id=7660, stack(0x000000692e600000,0x000000692e700000)]
  0x00000175c3fda800 JavaThread "jar transforms Thread 105" [_thread_blocked, id=10532, stack(0x000000692e700000,0x000000692e800000)]
  0x00000175c3fde000 JavaThread "jar transforms Thread 106" [_thread_blocked, id=13084, stack(0x000000692e800000,0x000000692e900000)]
  0x00000175c3fdb800 JavaThread "jar transforms Thread 107" [_thread_blocked, id=6256, stack(0x000000692e900000,0x000000692ea00000)]
  0x00000175c3fdf000 JavaThread "jar transforms Thread 108" [_thread_blocked, id=4984, stack(0x000000692ea00000,0x000000692eb00000)]
  0x00000175c3fdc800 JavaThread "jar transforms Thread 109" [_thread_blocked, id=5448, stack(0x000000692eb00000,0x000000692ec00000)]
  0x00000175c1eaf800 JavaThread "jar transforms Thread 110" [_thread_blocked, id=10860, stack(0x000000692ec00000,0x000000692ed00000)]
  0x00000175c1eb3000 JavaThread "jar transforms Thread 111" [_thread_blocked, id=272, stack(0x000000692ed00000,0x000000692ee00000)]
  0x00000175c1ead800 JavaThread "jar transforms Thread 112" [_thread_blocked, id=11380, stack(0x000000692ee00000,0x000000692ef00000)]
  0x00000175c1eae000 JavaThread "jar transforms Thread 113" [_thread_blocked, id=1564, stack(0x000000692ef00000,0x000000692f000000)]
  0x00000175c1eb1800 JavaThread "jar transforms Thread 114" [_thread_blocked, id=2972, stack(0x000000692f000000,0x000000692f100000)]
  0x00000175c1eb2000 JavaThread "jar transforms Thread 115" [_thread_blocked, id=9804, stack(0x000000692f100000,0x000000692f200000)]
  0x00000175c1eb4800 JavaThread "jar transforms Thread 116" [_thread_blocked, id=11032, stack(0x000000692f200000,0x000000692f300000)]
  0x00000175c1eb4000 JavaThread "jar transforms Thread 117" [_thread_blocked, id=10128, stack(0x000000692f300000,0x000000692f400000)]
  0x00000175c1eaf000 JavaThread "jar transforms Thread 118" [_thread_blocked, id=8512, stack(0x000000692f400000,0x000000692f500000)]
  0x00000175c1eb5800 JavaThread "jar transforms Thread 119" [_thread_blocked, id=4604, stack(0x000000692f500000,0x000000692f600000)]
  0x00000175c1eb6800 JavaThread "jar transforms Thread 120" [_thread_blocked, id=6120, stack(0x000000692f600000,0x000000692f700000)]
  0x00000175c1eb0800 JavaThread "jar transforms Thread 121" [_thread_blocked, id=13036, stack(0x000000692f700000,0x000000692f800000)]
  0x00000175c1eb8800 JavaThread "Memory manager" [_thread_blocked, id=11604, stack(0x000000692f800000,0x000000692f900000)]

Other Threads:
=>0x00000175bf0d0800 VMThread "VM Thread" [stack: 0x0000006925d00000,0x0000006925e00000] [id=2332]
  0x00000175bfafe000 WatcherThread [stack: 0x0000006926700000,0x0000006926800000] [id=4396]
  0x000001759afb5800 GCTaskThread "GC Thread#0" [stack: 0x0000006925800000,0x0000006925900000] [id=10560]
  0x00000175bfc4a000 GCTaskThread "GC Thread#1" [stack: 0x0000006926800000,0x0000006926900000] [id=9280]
  0x000001759b01b000 ConcurrentGCThread "G1 Main Marker" [stack: 0x0000006925900000,0x0000006925a00000] [id=13256]
  0x000001759b01c800 ConcurrentGCThread "G1 Conc#0" [stack: 0x0000006925a00000,0x0000006925b00000] [id=11808]
  0x000001759b065800 ConcurrentGCThread "G1 Refine#0" [stack: 0x0000006925b00000,0x0000006925c00000] [id=4028]
  0x000001759b066800 ConcurrentGCThread "G1 Young RemSet Sampling" [stack: 0x0000006925c00000,0x0000006925d00000] [id=6280]

Threads with active compile tasks:

VM state:at safepoint (normal execution)

VM Mutex/Monitor currently owned by a thread:  ([mutex/lock_event])
[0x000001759af99ce0] Threads_lock - owner thread: 0x00000175bf0d0800
[0x000001759af998f0] Heap_lock - owner thread: 0x00000175c07f0000

Heap address: 0x00000006e0000000, size: 4608 MB, Compressed Oops mode: Zero based, Oop shift amount: 3
Narrow klass base: 0x0000000800000000, Narrow klass shift: 0
Compressed class space size: 1073741824 Address: 0x0000000800000000

Heap:
 garbage-first heap   total 202752K, used 99116K [0x00000006e0000000, 0x0000000800000000)
  region size 1024K, 5 young (5120K), 5 survivors (5120K)
 Metaspace       used 77915K, capacity 80161K, committed 80384K, reserved 1118208K
  class space    used 9892K, capacity 10646K, committed 10752K, reserved 1048576K
Heap Regions: E=young(eden), S=young(survivor), O=old, HS=humongous(starts), HC=humongous(continues), CS=collection set, F=free, A=archive, TAMS=top-at-mark-start (previous, next)
|   0|0x00000006e0000000, 0x00000006e0100000, 0x00000006e0100000|100%| O|  |TAMS 0x00000006e0100000, 0x00000006e0000000| Complete 
|   1|0x00000006e0100000, 0x00000006e0200000, 0x00000006e0200000|100%| O|  |TAMS 0x00000006e0200000, 0x00000006e0100000| Untracked 
|   2|0x00000006e0200000, 0x00000006e0300000, 0x00000006e0300000|100%| O|  |TAMS 0x00000006e0300000, 0x00000006e0200000| Untracked 
|   3|0x00000006e0300000, 0x00000006e0400000, 0x00000006e0400000|100%| O|  |TAMS 0x00000006e0400000, 0x00000006e0300000| Untracked 
|   4|0x00000006e0400000, 0x00000006e0500000, 0x00000006e0500000|100%|HS|  |TAMS 0x00000006e0500000, 0x00000006e0400000| Complete 
|   5|0x00000006e0500000, 0x00000006e0600000, 0x00000006e0600000|100%|HC|  |TAMS 0x00000006e0600000, 0x00000006e0500000| Complete 
|   6|0x00000006e0600000, 0x00000006e0700000, 0x00000006e0700000|100%|HC|  |TAMS 0x00000006e0700000, 0x00000006e0600000| Complete 
|   7|0x00000006e0700000, 0x00000006e0800000, 0x00000006e0800000|100%| O|  |TAMS 0x00000006e0800000, 0x00000006e0700000| Untracked 
|   8|0x00000006e0800000, 0x00000006e0900000, 0x00000006e0900000|100%| O|  |TAMS 0x00000006e0900000, 0x00000006e0800000| Untracked 
|   9|0x00000006e0900000, 0x00000006e0a00000, 0x00000006e0a00000|100%| O|  |TAMS 0x00000006e0a00000, 0x00000006e0900000| Untracked 
|  10|0x00000006e0a00000, 0x00000006e0b00000, 0x00000006e0b00000|100%| O|  |TAMS 0x00000006e0b00000, 0x00000006e0a00000| Untracked 
|  11|0x00000006e0b00000, 0x00000006e0c00000, 0x00000006e0c00000|100%| O|  |TAMS 0x00000006e0c00000, 0x00000006e0b00000| Untracked 
|  12|0x00000006e0c00000, 0x00000006e0d00000, 0x00000006e0d00000|100%| O|  |TAMS 0x00000006e0d00000, 0x00000006e0c00000| Untracked 
|  13|0x00000006e0d00000, 0x00000006e0e00000, 0x00000006e0e00000|100%| O|  |TAMS 0x00000006e0e00000, 0x00000006e0d00000| Untracked 
|  14|0x00000006e0e00000, 0x00000006e0f00000, 0x00000006e0f00000|100%| O|  |TAMS 0x00000006e0f00000, 0x00000006e0e00000| Untracked 
|  15|0x00000006e0f00000, 0x00000006e1000000, 0x00000006e1000000|100%| O|  |TAMS 0x00000006e1000000, 0x00000006e0f00000| Untracked 
|  16|0x00000006e1000000, 0x00000006e1100000, 0x00000006e1100000|100%| O|  |TAMS 0x00000006e1100000, 0x00000006e1000000| Untracked 
|  17|0x00000006e1100000, 0x00000006e1200000, 0x00000006e1200000|100%| O|  |TAMS 0x00000006e1200000, 0x00000006e1100000| Untracked 
|  18|0x00000006e1200000, 0x00000006e1300000, 0x00000006e1300000|100%| O|  |TAMS 0x00000006e1300000, 0x00000006e1200000| Complete 
|  19|0x00000006e1300000, 0x00000006e1400000, 0x00000006e1400000|100%| O|  |TAMS 0x00000006e1400000, 0x00000006e1300000| Untracked 
|  20|0x00000006e1400000, 0x00000006e1500000, 0x00000006e1500000|100%| O|  |TAMS 0x00000006e1500000, 0x00000006e1400000| Untracked 
|  21|0x00000006e1500000, 0x00000006e1600000, 0x00000006e1600000|100%| O|  |TAMS 0x00000006e1600000, 0x00000006e1500000| Untracked 
|  22|0x00000006e1600000, 0x00000006e1700000, 0x00000006e1700000|100%| O|  |TAMS 0x00000006e1700000, 0x00000006e1600000| Untracked 
|  23|0x00000006e1700000, 0x00000006e1800000, 0x00000006e1800000|100%| O|  |TAMS 0x00000006e1800000, 0x00000006e1700000| Untracked 
|  24|0x00000006e1800000, 0x00000006e1900000, 0x00000006e1900000|100%| O|  |TAMS 0x00000006e1900000, 0x00000006e1800000| Complete 
|  25|0x00000006e1900000, 0x00000006e1a00000, 0x00000006e1a00000|100%| O|  |TAMS 0x00000006e1a00000, 0x00000006e1900000| Untracked 
|  26|0x00000006e1a00000, 0x00000006e1b00000, 0x00000006e1b00000|100%| O|  |TAMS 0x00000006e1b00000, 0x00000006e1a00000| Complete 
|  27|0x00000006e1b00000, 0x00000006e1c00000, 0x00000006e1c00000|100%| O|  |TAMS 0x00000006e1c00000, 0x00000006e1b00000| Complete 
|  28|0x00000006e1c00000, 0x00000006e1d00000, 0x00000006e1d00000|100%| O|  |TAMS 0x00000006e1d00000, 0x00000006e1c00000| Complete 
|  29|0x00000006e1d00000, 0x00000006e1e00000, 0x00000006e1e00000|100%|HS|  |TAMS 0x00000006e1e00000, 0x00000006e1d00000| Complete 
|  30|0x00000006e1e00000, 0x00000006e1f00000, 0x00000006e1f00000|100%|HS|  |TAMS 0x00000006e1f00000, 0x00000006e1e00000| Complete 
|  31|0x00000006e1f00000, 0x00000006e2000000, 0x00000006e2000000|100%|HS|  |TAMS 0x00000006e2000000, 0x00000006e1f00000| Complete 
|  32|0x00000006e2000000, 0x00000006e2100000, 0x00000006e2100000|100%|HC|  |TAMS 0x00000006e2100000, 0x00000006e2000000| Complete 
|  33|0x00000006e2100000, 0x00000006e2200000, 0x00000006e2200000|100%|HC|  |TAMS 0x00000006e2200000, 0x00000006e2100000| Complete 
|  34|0x00000006e2200000, 0x00000006e2300000, 0x00000006e2300000|100%|HS|  |TAMS 0x00000006e2300000, 0x00000006e2200000| Complete 
|  35|0x00000006e2300000, 0x00000006e2400000, 0x00000006e2400000|100%|HC|  |TAMS 0x00000006e2400000, 0x00000006e2300000| Complete 
|  36|0x00000006e2400000, 0x00000006e2500000, 0x00000006e2500000|100%| O|  |TAMS 0x00000006e2500000, 0x00000006e2400000| Untracked 
|  37|0x00000006e2500000, 0x00000006e2600000, 0x00000006e2600000|100%| O|  |TAMS 0x00000006e2600000, 0x00000006e2500000| Untracked 
|  38|0x00000006e2600000, 0x00000006e2700000, 0x00000006e2700000|100%| O|  |TAMS 0x00000006e2700000, 0x00000006e2600000| Untracked 
|  39|0x00000006e2700000, 0x00000006e2800000, 0x00000006e2800000|100%| O|  |TAMS 0x00000006e2800000, 0x00000006e2700000| Complete 
|  40|0x00000006e2800000, 0x00000006e2900000, 0x00000006e2900000|100%| O|  |TAMS 0x00000006e2900000, 0x00000006e2800000| Untracked 
|  41|0x00000006e2900000, 0x00000006e2a00000, 0x00000006e2a00000|100%| O|  |TAMS 0x00000006e2a00000, 0x00000006e2900000| Untracked 
|  42|0x00000006e2a00000, 0x00000006e2b00000, 0x00000006e2b00000|100%| O|  |TAMS 0x00000006e2b00000, 0x00000006e2a00000| Complete 
|  43|0x00000006e2b00000, 0x00000006e2c00000, 0x00000006e2c00000|100%| O|  |TAMS 0x00000006e2c00000, 0x00000006e2b00000| Complete 
|  44|0x00000006e2c00000, 0x00000006e2d00000, 0x00000006e2d00000|100%| O|  |TAMS 0x00000006e2d00000, 0x00000006e2c00000| Untracked 
|  45|0x00000006e2d00000, 0x00000006e2e00000, 0x00000006e2e00000|100%| O|  |TAMS 0x00000006e2e00000, 0x00000006e2d00000| Untracked 
|  46|0x00000006e2e00000, 0x00000006e2f00000, 0x00000006e2f00000|100%| O|  |TAMS 0x00000006e2f00000, 0x00000006e2e00000| Complete 
|  47|0x00000006e2f00000, 0x00000006e3000000, 0x00000006e3000000|100%| O|  |TAMS 0x00000006e3000000, 0x00000006e2f00000| Untracked 
|  48|0x00000006e3000000, 0x00000006e3100000, 0x00000006e3100000|100%| O|  |TAMS 0x00000006e3100000, 0x00000006e3000000| Untracked 
|  49|0x00000006e3100000, 0x00000006e3200000, 0x00000006e3200000|100%| O|  |TAMS 0x00000006e3200000, 0x00000006e3100000| Complete 
|  50|0x00000006e3200000, 0x00000006e3300000, 0x00000006e3300000|100%| O|  |TAMS 0x00000006e3300000, 0x00000006e3200000| Complete 
|  51|0x00000006e3300000, 0x00000006e3400000, 0x00000006e3400000|100%| O|  |TAMS 0x00000006e3400000, 0x00000006e3300000| Complete 
|  52|0x00000006e3400000, 0x00000006e3500000, 0x00000006e3500000|100%| O|  |TAMS 0x00000006e3500000, 0x00000006e3400000| Untracked 
|  53|0x00000006e3500000, 0x00000006e3600000, 0x00000006e3600000|100%| O|  |TAMS 0x00000006e3600000, 0x00000006e3500000| Untracked 
|  54|0x00000006e3600000, 0x00000006e3700000, 0x00000006e3700000|100%| O|  |TAMS 0x00000006e3700000, 0x00000006e3600000| Untracked 
|  55|0x00000006e3700000, 0x00000006e3800000, 0x00000006e3800000|100%| O|  |TAMS 0x00000006e3800000, 0x00000006e3700000| Untracked 
|  56|0x00000006e3800000, 0x00000006e3900000, 0x00000006e3900000|100%| O|  |TAMS 0x00000006e3900000, 0x00000006e3800000| Untracked 
|  57|0x00000006e3900000, 0x00000006e3a00000, 0x00000006e3a00000|100%| O|  |TAMS 0x00000006e3a00000, 0x00000006e3900000| Untracked 
|  58|0x00000006e3a00000, 0x00000006e3b00000, 0x00000006e3b00000|100%| O|  |TAMS 0x00000006e3b00000, 0x00000006e3a00000| Untracked 
|  59|0x00000006e3b00000, 0x00000006e3c00000, 0x00000006e3c00000|100%| O|  |TAMS 0x00000006e3c00000, 0x00000006e3b00000| Untracked 
|  60|0x00000006e3c00000, 0x00000006e3d00000, 0x00000006e3d00000|100%| O|  |TAMS 0x00000006e3d00000, 0x00000006e3c00000| Complete 
|  61|0x00000006e3d00000, 0x00000006e3e00000, 0x00000006e3e00000|100%| O|  |TAMS 0x00000006e3e00000, 0x00000006e3d00000| Complete 
|  62|0x00000006e3e00000, 0x00000006e3f00000, 0x00000006e3f00000|100%|HS|  |TAMS 0x00000006e3f00000, 0x00000006e3e00000| Complete 
|  63|0x00000006e3f00000, 0x00000006e4000000, 0x00000006e4000000|100%|HS|  |TAMS 0x00000006e4000000, 0x00000006e3f00000| Complete 
|  64|0x00000006e4000000, 0x00000006e4100000, 0x00000006e4100000|100%|HC|  |TAMS 0x00000006e4100000, 0x00000006e4000000| Complete 
|  65|0x00000006e4100000, 0x00000006e4200000, 0x00000006e4200000|100%| O|  |TAMS 0x00000006e4200000, 0x00000006e4100000| Complete 
|  66|0x00000006e4200000, 0x00000006e4300000, 0x00000006e4300000|100%| O|  |TAMS 0x00000006e4300000, 0x00000006e4200000| Untracked 
|  67|0x00000006e4300000, 0x00000006e4400000, 0x00000006e4400000|100%| O|  |TAMS 0x00000006e4400000, 0x00000006e4300000| Complete 
|  68|0x00000006e4400000, 0x00000006e4500000, 0x00000006e4500000|100%| O|  |TAMS 0x00000006e4500000, 0x00000006e4400000| Complete 
|  69|0x00000006e4500000, 0x00000006e4600000, 0x00000006e4600000|100%| O|  |TAMS 0x00000006e4600000, 0x00000006e4500000| Untracked 
|  70|0x00000006e4600000, 0x00000006e4700000, 0x00000006e4700000|100%| O|  |TAMS 0x00000006e4700000, 0x00000006e4600000| Untracked 
|  71|0x00000006e4700000, 0x00000006e4800000, 0x00000006e4800000|100%| O|  |TAMS 0x00000006e4800000, 0x00000006e4700000| Untracked 
|  72|0x00000006e4800000, 0x00000006e4900000, 0x00000006e4900000|100%| O|  |TAMS 0x00000006e4900000, 0x00000006e4800000| Complete 
|  73|0x00000006e4900000, 0x00000006e4a00000, 0x00000006e4a00000|100%| O|  |TAMS 0x00000006e4a00000, 0x00000006e4900000| Untracked 
|  74|0x00000006e4a00000, 0x00000006e4b00000, 0x00000006e4b00000|100%| O|  |TAMS 0x00000006e4b00000, 0x00000006e4a00000| Untracked 
|  75|0x00000006e4b00000, 0x00000006e4c00000, 0x00000006e4c00000|100%| O|  |TAMS 0x00000006e4c00000, 0x00000006e4b00000| Untracked 
|  76|0x00000006e4c00000, 0x00000006e4d00000, 0x00000006e4d00000|100%| O|  |TAMS 0x00000006e4d00000, 0x00000006e4c00000| Untracked 
|  77|0x00000006e4d00000, 0x00000006e4e00000, 0x00000006e4e00000|100%| O|  |TAMS 0x00000006e4e00000, 0x00000006e4d00000| Untracked 
|  78|0x00000006e4e00000, 0x00000006e4f00000, 0x00000006e4f00000|100%| O|  |TAMS 0x00000006e4f00000, 0x00000006e4e00000| Untracked 
|  79|0x00000006e4f00000, 0x00000006e5000000, 0x00000006e5000000|100%| O|  |TAMS 0x00000006e5000000, 0x00000006e4f00000| Untracked 
|  80|0x00000006e5000000, 0x00000006e5100000, 0x00000006e5100000|100%| O|  |TAMS 0x00000006e5100000, 0x00000006e5000000| Untracked 
|  81|0x00000006e5100000, 0x00000006e5200000, 0x00000006e5200000|100%| O|  |TAMS 0x00000006e5200000, 0x00000006e5100000| Untracked 
|  82|0x00000006e5200000, 0x00000006e5300000, 0x00000006e5300000|100%| O|  |TAMS 0x00000006e5300000, 0x00000006e5200000| Untracked 
|  83|0x00000006e5300000, 0x00000006e5400000, 0x00000006e5400000|100%| O|  |TAMS 0x00000006e5400000, 0x00000006e5300000| Untracked 
|  84|0x00000006e5400000, 0x00000006e5500000, 0x00000006e5500000|100%| O|  |TAMS 0x00000006e5500000, 0x00000006e5400000| Untracked 
|  85|0x00000006e5500000, 0x00000006e5600000, 0x00000006e5600000|100%| O|  |TAMS 0x00000006e5600000, 0x00000006e5500000| Complete 
|  86|0x00000006e5600000, 0x00000006e5700000, 0x00000006e5700000|100%| O|  |TAMS 0x00000006e5666000, 0x00000006e5600000| Untracked 
|  87|0x00000006e5700000, 0x00000006e5800000, 0x00000006e5800000|100%|HS|  |TAMS 0x00000006e5700000, 0x00000006e5700000| Complete 
|  88|0x00000006e5800000, 0x00000006e5900000, 0x00000006e5900000|100%|HC|  |TAMS 0x00000006e5800000, 0x00000006e5800000| Complete 
|  89|0x00000006e5900000, 0x00000006e5a00000, 0x00000006e5a00000|100%| O|  |TAMS 0x00000006e5900000, 0x00000006e5900000| Untracked 
|  90|0x00000006e5a00000, 0x00000006e5b00000, 0x00000006e5b00000|100%| O|  |TAMS 0x00000006e5a00000, 0x00000006e5a00000| Untracked 
|  91|0x00000006e5b00000, 0x00000006e5bcb200, 0x00000006e5c00000| 79%| O|  |TAMS 0x00000006e5b00000, 0x00000006e5b00000| Untracked 
|  92|0x00000006e5c00000, 0x00000006e5c00000, 0x00000006e5d00000|  0%| F|  |TAMS 0x00000006e5c00000, 0x00000006e5c00000| Untracked 
|  93|0x00000006e5d00000, 0x00000006e5d00000, 0x00000006e5e00000|  0%| F|  |TAMS 0x00000006e5d00000, 0x00000006e5d00000| Untracked 
|  94|0x00000006e5e00000, 0x00000006e5e00000, 0x00000006e5f00000|  0%| F|  |TAMS 0x00000006e5e00000, 0x00000006e5e00000| Untracked 
|  95|0x00000006e5f00000, 0x00000006e5f00000, 0x00000006e6000000|  0%| F|  |TAMS 0x00000006e5f00000, 0x00000006e5f00000| Untracked 
|  96|0x00000006e6000000, 0x00000006e6000000, 0x00000006e6100000|  0%| F|  |TAMS 0x00000006e6000000, 0x00000006e6000000| Untracked 
|  97|0x00000006e6100000, 0x00000006e6100000, 0x00000006e6200000|  0%| F|  |TAMS 0x00000006e6100000, 0x00000006e6100000| Untracked 
|  98|0x00000006e6200000, 0x00000006e6200000, 0x00000006e6300000|  0%| F|  |TAMS 0x00000006e6200000, 0x00000006e6200000| Untracked 
|  99|0x00000006e6300000, 0x00000006e6300000, 0x00000006e6400000|  0%| F|  |TAMS 0x00000006e6300000, 0x00000006e6300000| Untracked 
| 100|0x00000006e6400000, 0x00000006e6400000, 0x00000006e6500000|  0%| F|  |TAMS 0x00000006e6400000, 0x00000006e6400000| Untracked 
| 101|0x00000006e6500000, 0x00000006e6500000, 0x00000006e6600000|  0%| F|  |TAMS 0x00000006e6500000, 0x00000006e6500000| Untracked 
| 102|0x00000006e6600000, 0x00000006e6600000, 0x00000006e6700000|  0%| F|  |TAMS 0x00000006e6600000, 0x00000006e6600000| Untracked 
| 103|0x00000006e6700000, 0x00000006e6700000, 0x00000006e6800000|  0%| F|  |TAMS 0x00000006e6700000, 0x00000006e6700000| Untracked 
| 104|0x00000006e6800000, 0x00000006e6800000, 0x00000006e6900000|  0%| F|  |TAMS 0x00000006e6800000, 0x00000006e6800000| Untracked 
| 105|0x00000006e6900000, 0x00000006e6900000, 0x00000006e6a00000|  0%| F|  |TAMS 0x00000006e6900000, 0x00000006e6900000| Untracked 
| 106|0x00000006e6a00000, 0x00000006e6a00000, 0x00000006e6b00000|  0%| F|  |TAMS 0x00000006e6a00000, 0x00000006e6a00000| Untracked 
| 107|0x00000006e6b00000, 0x00000006e6b00000, 0x00000006e6c00000|  0%| F|  |TAMS 0x00000006e6b00000, 0x00000006e6b00000| Untracked 
| 108|0x00000006e6c00000, 0x00000006e6c00000, 0x00000006e6d00000|  0%| F|  |TAMS 0x00000006e6c00000, 0x00000006e6c00000| Untracked 
| 109|0x00000006e6d00000, 0x00000006e6d00000, 0x00000006e6e00000|  0%| F|  |TAMS 0x00000006e6d00000, 0x00000006e6d00000| Untracked 
| 110|0x00000006e6e00000, 0x00000006e6e00000, 0x00000006e6f00000|  0%| F|  |TAMS 0x00000006e6e00000, 0x00000006e6e00000| Untracked 
| 111|0x00000006e6f00000, 0x00000006e6f00000, 0x00000006e7000000|  0%| F|  |TAMS 0x00000006e6f00000, 0x00000006e6f00000| Untracked 
| 112|0x00000006e7000000, 0x00000006e7000000, 0x00000006e7100000|  0%| F|  |TAMS 0x00000006e7000000, 0x00000006e7000000| Untracked 
| 113|0x00000006e7100000, 0x00000006e7200000, 0x00000006e7200000|100%| S|CS|TAMS 0x00000006e7100000, 0x00000006e7100000| Complete 
| 114|0x00000006e7200000, 0x00000006e7300000, 0x00000006e7300000|100%| S|CS|TAMS 0x00000006e7200000, 0x00000006e7200000| Complete 
| 115|0x00000006e7300000, 0x00000006e7400000, 0x00000006e7400000|100%| S|CS|TAMS 0x00000006e7300000, 0x00000006e7300000| Complete 
| 116|0x00000006e7400000, 0x00000006e7500000, 0x00000006e7500000|100%| S|CS|TAMS 0x00000006e7400000, 0x00000006e7400000| Complete 
| 117|0x00000006e7500000, 0x00000006e7600000, 0x00000006e7600000|100%| S|CS|TAMS 0x00000006e7500000, 0x00000006e7500000| Complete 
| 118|0x00000006e7600000, 0x00000006e7600000, 0x00000006e7700000|  0%| F|  |TAMS 0x00000006e7600000, 0x00000006e7600000| Untracked 
| 119|0x00000006e7700000, 0x00000006e7700000, 0x00000006e7800000|  0%| F|  |TAMS 0x00000006e7700000, 0x00000006e7700000| Untracked 
| 120|0x00000006e7800000, 0x00000006e7800000, 0x00000006e7900000|  0%| F|  |TAMS 0x00000006e7800000, 0x00000006e7800000| Untracked 
| 121|0x00000006e7900000, 0x00000006e7900000, 0x00000006e7a00000|  0%| F|  |TAMS 0x00000006e7900000, 0x00000006e7900000| Untracked 
| 122|0x00000006e7a00000, 0x00000006e7a00000, 0x00000006e7b00000|  0%| F|  |TAMS 0x00000006e7a00000, 0x00000006e7a00000| Untracked 
| 123|0x00000006e7b00000, 0x00000006e7b00000, 0x00000006e7c00000|  0%| F|  |TAMS 0x00000006e7b00000, 0x00000006e7b00000| Untracked 
| 124|0x00000006e7c00000, 0x00000006e7c00000, 0x00000006e7d00000|  0%| F|  |TAMS 0x00000006e7c00000, 0x00000006e7c00000| Untracked 
| 125|0x00000006e7d00000, 0x00000006e7d00000, 0x00000006e7e00000|  0%| F|  |TAMS 0x00000006e7d00000, 0x00000006e7d00000| Untracked 
| 126|0x00000006e7e00000, 0x00000006e7e00000, 0x00000006e7f00000|  0%| F|  |TAMS 0x00000006e7e00000, 0x00000006e7e00000| Untracked 
| 127|0x00000006e7f00000, 0x00000006e7f00000, 0x00000006e8000000|  0%| F|  |TAMS 0x00000006e7f00000, 0x00000006e7f00000| Untracked 
| 128|0x00000006e8000000, 0x00000006e8000000, 0x00000006e8100000|  0%| F|  |TAMS 0x00000006e8000000, 0x00000006e8000000| Untracked 
| 129|0x00000006e8100000, 0x00000006e8100000, 0x00000006e8200000|  0%| F|  |TAMS 0x00000006e8100000, 0x00000006e8100000| Untracked 
| 130|0x00000006e8200000, 0x00000006e8200000, 0x00000006e8300000|  0%| F|  |TAMS 0x00000006e8200000, 0x00000006e8200000| Untracked 
| 131|0x00000006e8300000, 0x00000006e8300000, 0x00000006e8400000|  0%| F|  |TAMS 0x00000006e8300000, 0x00000006e8300000| Untracked 
| 132|0x00000006e8400000, 0x00000006e8400000, 0x00000006e8500000|  0%| F|  |TAMS 0x00000006e8400000, 0x00000006e8400000| Untracked 
| 133|0x00000006e8500000, 0x00000006e8500000, 0x00000006e8600000|  0%| F|  |TAMS 0x00000006e8500000, 0x00000006e8500000| Untracked 
| 134|0x00000006e8600000, 0x00000006e8600000, 0x00000006e8700000|  0%| F|  |TAMS 0x00000006e8600000, 0x00000006e8600000| Untracked 
| 135|0x00000006e8700000, 0x00000006e8700000, 0x00000006e8800000|  0%| F|  |TAMS 0x00000006e8700000, 0x00000006e8700000| Untracked 
| 136|0x00000006e8800000, 0x00000006e8800000, 0x00000006e8900000|  0%| F|  |TAMS 0x00000006e8800000, 0x00000006e8800000| Untracked 
| 137|0x00000006e8900000, 0x00000006e8900000, 0x00000006e8a00000|  0%| F|  |TAMS 0x00000006e8900000, 0x00000006e8900000| Untracked 
| 138|0x00000006e8a00000, 0x00000006e8a00000, 0x00000006e8b00000|  0%| F|  |TAMS 0x00000006e8a00000, 0x00000006e8a00000| Untracked 
| 139|0x00000006e8b00000, 0x00000006e8b00000, 0x00000006e8c00000|  0%| F|  |TAMS 0x00000006e8b00000, 0x00000006e8b00000| Untracked 
| 140|0x00000006e8c00000, 0x00000006e8c00000, 0x00000006e8d00000|  0%| F|  |TAMS 0x00000006e8c00000, 0x00000006e8c00000| Untracked 
| 141|0x00000006e8d00000, 0x00000006e8d00000, 0x00000006e8e00000|  0%| F|  |TAMS 0x00000006e8d00000, 0x00000006e8d00000| Untracked 
| 142|0x00000006e8e00000, 0x00000006e8e00000, 0x00000006e8f00000|  0%| F|  |TAMS 0x00000006e8e00000, 0x00000006e8e00000| Untracked 
| 143|0x00000006e8f00000, 0x00000006e8f00000, 0x00000006e9000000|  0%| F|  |TAMS 0x00000006e8f00000, 0x00000006e8f00000| Untracked 
| 144|0x00000006e9000000, 0x00000006e9000000, 0x00000006e9100000|  0%| F|  |TAMS 0x00000006e9000000, 0x00000006e9000000| Untracked 
| 145|0x00000006e9100000, 0x00000006e9100000, 0x00000006e9200000|  0%| F|  |TAMS 0x00000006e9100000, 0x00000006e9100000| Untracked 
| 146|0x00000006e9200000, 0x00000006e9200000, 0x00000006e9300000|  0%| F|  |TAMS 0x00000006e9200000, 0x00000006e9200000| Untracked 
| 147|0x00000006e9300000, 0x00000006e9300000, 0x00000006e9400000|  0%| F|  |TAMS 0x00000006e9300000, 0x00000006e9300000| Untracked 
| 148|0x00000006e9400000, 0x00000006e9400000, 0x00000006e9500000|  0%| F|  |TAMS 0x00000006e9400000, 0x00000006e9400000| Untracked 
| 149|0x00000006e9500000, 0x00000006e9500000, 0x00000006e9600000|  0%| F|  |TAMS 0x00000006e9500000, 0x00000006e9500000| Untracked 
| 150|0x00000006e9600000, 0x00000006e9600000, 0x00000006e9700000|  0%| F|  |TAMS 0x00000006e9600000, 0x00000006e9600000| Untracked 
| 151|0x00000006e9700000, 0x00000006e9700000, 0x00000006e9800000|  0%| F|  |TAMS 0x00000006e9700000, 0x00000006e9700000| Untracked 

Card table byte_map: [0x00000175b2d50000,0x00000175b3650000] _byte_map_base: 0x00000175af650000

Marking Bits (Prev, Next): (CMBitMap*) 0x000001759b008510, (CMBitMap*) 0x000001759b0084d8
 Prev Bits: [0x00000175b8750000, 0x00000175bcf50000)
 Next Bits: [0x00000175b3f50000, 0x00000175b8750000)

Polling page: 0x000001759a780000

Metaspace:

Usage:
  Non-class:     67.89 MB capacity,    66.43 MB ( 98%) used,     1.28 MB (  2%) free+waste,   185.00 KB ( <1%) overhead. 
      Class:     10.40 MB capacity,     9.66 MB ( 93%) used,   668.05 KB (  6%) free+waste,    85.75 KB ( <1%) overhead. 
       Both:     78.28 MB capacity,    76.09 MB ( 97%) used,     1.93 MB (  2%) free+waste,   270.75 KB ( <1%) overhead. 

Virtual space:
  Non-class space:       68.00 MB reserved,      68.00 MB (100%) committed 
      Class space:        1.00 GB reserved,      10.50 MB (  1%) committed 
             Both:        1.07 GB reserved,      78.50 MB (  7%) committed 

Chunk freelists:
   Non-Class:  6.63 KB
       Class:  0 bytes
        Both:  6.63 KB

CodeHeap 'non-profiled nmethods': size=120064Kb used=4969Kb max_used=4969Kb free=115094Kb
 bounds [0x00000175aaf10000, 0x00000175ab3f0000, 0x00000175b2450000]
CodeHeap 'profiled nmethods': size=120000Kb used=20501Kb max_used=20501Kb free=99498Kb
 bounds [0x00000175a39e0000, 0x00000175a4df0000, 0x00000175aaf10000]
CodeHeap 'non-nmethods': size=5696Kb used=2271Kb max_used=2327Kb free=3424Kb
 bounds [0x00000175a3450000, 0x00000175a36c0000, 0x00000175a39e0000]
 total_blobs=9592 nmethods=8728 adapters=776
 compilation: enabled
              stopped_count=0, restarted_count=0
 full_count=0

Compilation events (10 events):
Event: 44.219 Thread 0x00000175bf11a000 8759       1       java.util.stream.MatchOps$BooleanTerminalSink::getAndClearState (5 bytes)
Event: 44.219 Thread 0x00000175bf11a000 nmethod 8759 0x00000175ab3ea390 code [0x00000175ab3ea520, 0x00000175ab3ea5d8]
Event: 44.238 Thread 0x00000175bf11a000 8760       3       org.gradle.internal.classpath.DefaultCachedClasspathTransformer$TransformFile::<init> (43 bytes)
Event: 44.239 Thread 0x00000175bf11a000 nmethod 8760 0x00000175a4de1090 code [0x00000175a4de12a0, 0x00000175a4de1a98]
Event: 44.239 Thread 0x00000175bf11a000 8761   !   3       org.gradle.internal.classpath.DefaultCachedClasspathTransformer$TransformFile::lambda$schedule$0 (52 bytes)
Event: 44.239 Thread 0x00000175bf11a000 nmethod 8761 0x00000175a4de1d10 code [0x00000175a4de1f00, 0x00000175a4de21b8]
Event: 44.240 Thread 0x00000175bf11a000 8762       3       org.gradle.internal.classpath.InstrumentingClasspathFileTransformer::hashOf (40 bytes)
Event: 44.241 Thread 0x00000175bf11a000 nmethod 8762 0x00000175a4de2490 code [0x00000175a4de2840, 0x00000175a4de4498]
Event: 44.250 Thread 0x00000175bf11a000 8763       3       org.gradle.internal.snapshot.AbstractFileSystemLocationSnapshot::getSnapshot (5 bytes)
Event: 44.250 Thread 0x00000175bf11a000 nmethod 8763 0x00000175a4de4f90 code [0x00000175a4de5160, 0x00000175a4de54b8]

GC Heap History (10 events):
Event: 34.662 GC heap after
{Heap after GC invocations=42 (full 0):
 garbage-first heap   total 129024K, used 78835K [0x00000006e0000000, 0x0000000800000000)
  region size 1024K, 4 young (4096K), 4 survivors (4096K)
 Metaspace       used 72382K, capacity 74134K, committed 74240K, reserved 1114112K
  class space    used 9100K, capacity 9713K, committed 9728K, reserved 1048576K
}
Event: 35.309 GC heap before
{Heap before GC invocations=42 (full 0):
 garbage-first heap   total 129024K, used 103411K [0x00000006e0000000, 0x0000000800000000)
  region size 1024K, 28 young (28672K), 4 survivors (4096K)
 Metaspace       used 74137K, capacity 75943K, committed 76160K, reserved 1116160K
  class space    used 9337K, capacity 9991K, committed 10112K, reserved 1048576K
}
Event: 35.325 GC heap after
{Heap after GC invocations=43 (full 0):
 garbage-first heap   total 155648K, used 80783K [0x00000006e0000000, 0x0000000800000000)
  region size 1024K, 4 young (4096K), 4 survivors (4096K)
 Metaspace       used 74137K, capacity 75943K, committed 76160K, reserved 1116160K
  class space    used 9337K, capacity 9991K, committed 10112K, reserved 1048576K
}
Event: 36.592 GC heap before
{Heap before GC invocations=44 (full 0):
 garbage-first heap   total 155648K, used 115599K [0x00000006e0000000, 0x0000000800000000)
  region size 1024K, 38 young (38912K), 4 survivors (4096K)
 Metaspace       used 75246K, capacity 77094K, committed 77312K, reserved 1116160K
  class space    used 9543K, capacity 10223K, committed 10240K, reserved 1048576K
}
Event: 36.612 GC heap after
{Heap after GC invocations=45 (full 0):
 garbage-first heap   total 155648K, used 83968K [0x00000006e0000000, 0x0000000800000000)
  region size 1024K, 5 young (5120K), 5 survivors (5120K)
 Metaspace       used 75246K, capacity 77094K, committed 77312K, reserved 1116160K
  class space    used 9543K, capacity 10223K, committed 10240K, reserved 1048576K
}
Event: 39.785 GC heap before
{Heap before GC invocations=45 (full 0):
 garbage-first heap   total 155648K, used 118784K [0x00000006e0000000, 0x0000000800000000)
  region size 1024K, 40 young (40960K), 5 survivors (5120K)
 Metaspace       used 76606K, capacity 78672K, committed 78848K, reserved 1118208K
  class space    used 9710K, capacity 10432K, committed 10496K, reserved 1048576K
}
Event: 39.816 GC heap after
{Heap after GC invocations=46 (full 0):
 garbage-first heap   total 155648K, used 88970K [0x00000006e0000000, 0x0000000800000000)
  region size 1024K, 5 young (5120K), 5 survivors (5120K)
 Metaspace       used 76606K, capacity 78672K, committed 78848K, reserved 1118208K
  class space    used 9710K, capacity 10432K, committed 10496K, reserved 1048576K
}
Event: 40.911 GC heap before
{Heap before GC invocations=47 (full 0):
 garbage-first heap   total 155648K, used 95114K [0x00000006e0000000, 0x0000000800000000)
  region size 1024K, 12 young (12288K), 5 survivors (5120K)
 Metaspace       used 76863K, capacity 79015K, committed 79104K, reserved 1118208K
  class space    used 9742K, capacity 10479K, committed 10496K, reserved 1048576K
}
Event: 40.948 GC heap after
{Heap after GC invocations=48 (full 0):
 garbage-first heap   total 155648K, used 90520K [0x00000006e0000000, 0x0000000800000000)
  region size 1024K, 2 young (2048K), 2 survivors (2048K)
 Metaspace       used 76863K, capacity 79015K, committed 79104K, reserved 1118208K
  class space    used 9742K, capacity 10479K, committed 10496K, reserved 1048576K
}
Event: 44.273 GC heap before
{Heap before GC invocations=49 (full 0):
 garbage-first heap   total 155648K, used 125336K [0x00000006e0000000, 0x0000000800000000)
  region size 1024K, 34 young (34816K), 2 survivors (2048K)
 Metaspace       used 77915K, capacity 80161K, committed 80384K, reserved 1118208K
  class space    used 9892K, capacity 10646K, committed 10752K, reserved 1048576K
}

Deoptimization events (10 events):
Event: 36.877 Thread 0x00000175c14f1000 Uncommon trap: reason=profile_predicate action=maybe_recompile pc=0x00000175ab321e44 method=com.google.common.collect.ImmutableSet.construct(I[Ljava/lang/Object;)Lcom/google/common/collect/ImmutableSet; @ 68 c2
Event: 36.926 Thread 0x00000175c14f1000 Uncommon trap: reason=profile_predicate action=maybe_recompile pc=0x00000175ab321e44 method=com.google.common.collect.ImmutableSet.construct(I[Ljava/lang/Object;)Lcom/google/common/collect/ImmutableSet; @ 68 c2
Event: 36.928 Thread 0x00000175c14f1000 Uncommon trap: reason=profile_predicate action=maybe_recompile pc=0x00000175ab321e44 method=com.google.common.collect.ImmutableSet.construct(I[Ljava/lang/Object;)Lcom/google/common/collect/ImmutableSet; @ 68 c2
Event: 36.931 Thread 0x00000175c14f1000 Uncommon trap: reason=unstable_if action=reinterpret pc=0x00000175ab2634c8 method=java.lang.String.regionMatches(ZILjava/lang/String;II)Z @ 52 c2
Event: 36.932 Thread 0x00000175c14f1000 Uncommon trap: reason=profile_predicate action=maybe_recompile pc=0x00000175ab321e44 method=com.google.common.collect.ImmutableSet.construct(I[Ljava/lang/Object;)Lcom/google/common/collect/ImmutableSet; @ 68 c2
Event: 37.631 Thread 0x00000175c14f1000 Uncommon trap: reason=bimorphic_or_optimized_type_check action=maybe_recompile pc=0x00000175ab36c798 method=java.util.AbstractCollection.addAll(Ljava/util/Collection;)Z @ 29 c2
Event: 40.325 Thread 0x00000175c14f1000 Uncommon trap: reason=bimorphic_or_optimized_type_check action=maybe_recompile pc=0x00000175ab36c798 method=java.util.AbstractCollection.addAll(Ljava/util/Collection;)Z @ 29 c2
Event: 41.941 Thread 0x00000175c14f1000 Uncommon trap: reason=unstable_if action=reinterpret pc=0x00000175ab3534c4 method=groovy.lang.MetaClassImpl.checkIfStdMethod(Lgroovy/lang/MetaMethod;)V @ 167 c2
Event: 43.653 Thread 0x00000175c14f1000 Uncommon trap: reason=unstable_if action=reinterpret pc=0x00000175ab382e70 method=com.esotericsoftware.kryo.io.Input.readUtf8(I)V @ 79 c2
Event: 44.171 Thread 0x00000175c14f1000 Uncommon trap: reason=unstable_if action=reinterpret pc=0x00000175ab2b96a4 method=org.gradle.internal.snapshot.VfsRelativePath.hasPrefix(Ljava/lang/String;Lorg/gradle/internal/snapshot/CaseSensitivity;)Z @ 105 c2

Classes redefined (0 events):
No events

Internal exceptions (10 events):
Event: 41.961 Thread 0x00000175c14f1000 Exception <a 'java/lang/ClassNotFoundException'{0x00000006e8d4e180}: java/lang/IntegerBeanInfo> (0x00000006e8d4e180) thrown at [./open/src/hotspot/share/classfile/systemDictionary.cpp, line 228]
Event: 41.961 Thread 0x00000175c14f1000 Exception <a 'java/lang/ClassNotFoundException'{0x00000006e8d56cc8}: java/lang/NumberBeanInfo> (0x00000006e8d56cc8) thrown at [./open/src/hotspot/share/classfile/systemDictionary.cpp, line 228]
Event: 41.961 Thread 0x00000175c14f1000 Exception <a 'java/lang/ClassNotFoundException'{0x00000006e8d5fb68}: java/lang/NumberCustomizer> (0x00000006e8d5fb68) thrown at [./open/src/hotspot/share/classfile/systemDictionary.cpp, line 228]
Event: 41.962 Thread 0x00000175c14f1000 Exception <a 'java/lang/ClassNotFoundException'{0x00000006e8d6b840}: java/lang/IntegerCustomizer> (0x00000006e8d6b840) thrown at [./open/src/hotspot/share/classfile/systemDictionary.cpp, line 228]
Event: 42.809 Thread 0x00000175c14f1000 Exception <a 'java/lang/ClassNotFoundException'{0x00000006e86a6b38}: com/android/build/gradle/internal/api/LibraryVariantOutputImpl_DecoratedBeanInfo> (0x00000006e86a6b38) thrown at [./open/src/hotspot/share/classfile/systemDictionary.cpp, line 228]
Event: 42.810 Thread 0x00000175c14f1000 Exception <a 'java/lang/ClassNotFoundException'{0x00000006e86bf110}: com/android/build/gradle/internal/api/LibraryVariantOutputImplBeanInfo> (0x00000006e86bf110) thrown at [./open/src/hotspot/share/classfile/systemDictionary.cpp, line 228]
Event: 42.810 Thread 0x00000175c14f1000 Exception <a 'java/lang/ClassNotFoundException'{0x00000006e86d7740}: com/android/build/gradle/internal/api/LibraryVariantOutputImplCustomizer> (0x00000006e86d7740) thrown at [./open/src/hotspot/share/classfile/systemDictionary.cpp, line 228]
Event: 42.811 Thread 0x00000175c14f1000 Exception <a 'java/lang/ClassNotFoundException'{0x00000006e86fa2b8}: com/android/build/gradle/internal/api/LibraryVariantOutputImpl_DecoratedCustomizer> (0x00000006e86fa2b8) thrown at [./open/src/hotspot/share/classfile/systemDictionary.cpp, line 228]
Event: 43.097 Thread 0x00000175c14f1000 Exception <a 'java/lang/ClassNotFoundException'{0x00000006e8432898}: build_am1r4ro4l10zgwvkqgsm0ke18BeanInfo> (0x00000006e8432898) thrown at [./open/src/hotspot/share/classfile/systemDictionary.cpp, line 228]
Event: 43.097 Thread 0x00000175c14f1000 Exception <a 'java/lang/ClassNotFoundException'{0x00000006e843c720}: build_am1r4ro4l10zgwvkqgsm0ke18Customizer> (0x00000006e843c720) thrown at [./open/src/hotspot/share/classfile/systemDictionary.cpp, line 228]

Events (10 events):
Event: 43.774 loading class org/gradle/api/internal/artifacts/ivyservice/resolveengine/excludes/specs/ExcludeSpec
Event: 43.774 loading class org/gradle/api/internal/artifacts/ivyservice/resolveengine/excludes/specs/ExcludeSpec done
Event: 43.774 loading class org/gradle/api/internal/artifacts/ivyservice/resolveengine/excludes/factories/NormalizingExcludeFactory
Event: 43.774 loading class org/gradle/api/internal/artifacts/ivyservice/resolveengine/excludes/factories/NormalizingExcludeFactory done
Event: 43.775 loading class org/gradle/api/internal/artifacts/ivyservice/resolveengine/excludes/factories/ExcludeFactory
Event: 43.775 loading class org/gradle/api/internal/artifacts/ivyservice/resolveengine/excludes/factories/ExcludeFactory done
Event: 44.171 Thread 0x00000175c14f1000 Uncommon trap: trap_request=0xffffff4d fr.pc=0x00000175ab2b96a4 relative=0x0000000000000964
Event: 44.171 Thread 0x00000175c14f1000 DEOPT PACKING pc=0x00000175ab2b96a4 sp=0x0000006926ff9c90
Event: 44.171 Thread 0x00000175c14f1000 DEOPT UNPACKING pc=0x00000175a3476529 sp=0x0000006926ff9c20 mode 2
Event: 44.272 Executing VM operation: G1CollectForAllocation


Dynamic libraries:
0x00007ff602cb0000 - 0x00007ff602cbf000 	C:\Program Files\Java\jdk-11.0.11\bin\java.exe
0x00007ffe10660000 - 0x00007ffe10869000 	C:\WINDOWS\SYSTEM32\ntdll.dll
0x00007ffe0f000000 - 0x00007ffe0f0bd000 	C:\WINDOWS\System32\KERNEL32.DLL
0x00007ffe0db50000 - 0x00007ffe0dec9000 	C:\WINDOWS\System32\KERNELBASE.dll
0x00007ffe0ded0000 - 0x00007ffe0dfe1000 	C:\WINDOWS\System32\ucrtbase.dll
0x00007ffdf8e40000 - 0x00007ffdf8e58000 	C:\Program Files\Java\jdk-11.0.11\bin\jli.dll
0x00007ffe0f890000 - 0x00007ffe0f93e000 	C:\WINDOWS\System32\ADVAPI32.dll
0x00007ffe0e9a0000 - 0x00007ffe0ea43000 	C:\WINDOWS\System32\msvcrt.dll
0x00007ffe0f0d0000 - 0x00007ffe0f16e000 	C:\WINDOWS\System32\sechost.dll
0x00007ffe0f940000 - 0x00007ffe0fa60000 	C:\WINDOWS\System32\RPCRT4.dll
0x00007ffe0fbc0000 - 0x00007ffe0fd6c000 	C:\WINDOWS\System32\USER32.dll
0x00007ffe0dff0000 - 0x00007ffe0e016000 	C:\WINDOWS\System32\win32u.dll
0x00007ffe0ee30000 - 0x00007ffe0ee59000 	C:\WINDOWS\System32\GDI32.dll
0x00007ffe0e2b0000 - 0x00007ffe0e3c2000 	C:\WINDOWS\System32\gdi32full.dll
0x00007ffe0e210000 - 0x00007ffe0e2ad000 	C:\WINDOWS\System32\msvcp_win.dll
0x00007ffdf8e20000 - 0x00007ffdf8e35000 	C:\Program Files\Java\jdk-11.0.11\bin\VCRUNTIME140.dll
0x00007ffdf8320000 - 0x00007ffdf85c5000 	C:\WINDOWS\WinSxS\amd64_microsoft.windows.common-controls_6595b64144ccf1df_6.0.22000.120_none_9d947278b86cc467\COMCTL32.dll
0x00007ffdfddb0000 - 0x00007ffdfddba000 	C:\WINDOWS\SYSTEM32\VERSION.dll
0x00007ffe0f370000 - 0x00007ffe0f3a1000 	C:\WINDOWS\System32\IMM32.DLL
0x00007ffddfd90000 - 0x00007ffddfe2b000 	C:\Program Files\Java\jdk-11.0.11\bin\msvcp140.dll
0x00007ffda5590000 - 0x00007ffda608e000 	C:\Program Files\Java\jdk-11.0.11\bin\server\jvm.dll
0x00007ffe0f170000 - 0x00007ffe0f178000 	C:\WINDOWS\System32\PSAPI.DLL
0x00007ffe0ae90000 - 0x00007ffe0ae99000 	C:\WINDOWS\SYSTEM32\WSOCK32.dll
0x00007ffe0fb40000 - 0x00007ffe0fbaf000 	C:\WINDOWS\System32\WS2_32.dll
0x00007ffdff570000 - 0x00007ffdff5a3000 	C:\WINDOWS\SYSTEM32\WINMM.dll
0x00007ffe0cc50000 - 0x00007ffe0cc68000 	C:\WINDOWS\SYSTEM32\kernel.appcore.dll
0x00007ffdfa2e0000 - 0x00007ffdfa2f0000 	C:\Program Files\Java\jdk-11.0.11\bin\verify.dll
0x00007ffe09840000 - 0x00007ffe09a61000 	C:\WINDOWS\SYSTEM32\DBGHELP.DLL
0x00007ffdedfd0000 - 0x00007ffdee001000 	C:\WINDOWS\SYSTEM32\dbgcore.DLL
0x00007ffe0e020000 - 0x00007ffe0e09f000 	C:\WINDOWS\System32\bcryptPrimitives.dll
0x00007ffdf4090000 - 0x00007ffdf40b8000 	C:\Program Files\Java\jdk-11.0.11\bin\java.dll
0x00007ffdf7da0000 - 0x00007ffdf7daa000 	C:\Program Files\Java\jdk-11.0.11\bin\jimage.dll
0x00007ffdf2730000 - 0x00007ffdf2746000 	C:\Program Files\Java\jdk-11.0.11\bin\zip.dll
0x00007ffe0fe50000 - 0x00007ffe105ff000 	C:\WINDOWS\System32\SHELL32.dll
0x00007ffe0bcc0000 - 0x00007ffe0c528000 	C:\WINDOWS\SYSTEM32\windows.storage.dll
0x00007ffe0e500000 - 0x00007ffe0e878000 	C:\WINDOWS\System32\combase.dll
0x00007ffe0bb50000 - 0x00007ffe0bcb6000 	C:\WINDOWS\SYSTEM32\wintypes.dll
0x00007ffe0f210000 - 0x00007ffe0f2fa000 	C:\WINDOWS\System32\SHCORE.dll
0x00007ffe0fae0000 - 0x00007ffe0fb3d000 	C:\WINDOWS\System32\shlwapi.dll
0x00007ffe0da80000 - 0x00007ffe0daa1000 	C:\WINDOWS\SYSTEM32\profapi.dll
0x00007ffdeef70000 - 0x00007ffdeef89000 	C:\Program Files\Java\jdk-11.0.11\bin\net.dll
0x00007ffdff0e0000 - 0x00007ffdff1ec000 	C:\WINDOWS\SYSTEM32\WINHTTP.dll
0x00007ffe0d080000 - 0x00007ffe0d0e7000 	C:\WINDOWS\system32\mswsock.dll
0x00007ffde9c70000 - 0x00007ffde9c82000 	C:\Program Files\Java\jdk-11.0.11\bin\nio.dll
0x00007ffdf9600000 - 0x00007ffdf9627000 	C:\Users\jeyas\.gradle\native\49d0259a56938c7f99b2704e745ce422c4f750a7a20b539a32ccef96729676b1\windows-amd64\native-platform.dll
0x00007ffdb4450000 - 0x00007ffdb45e6000 	C:\Users\jeyas\.gradle\native\12488b8bf47d2d4c9fbf2f6322a914ad602e24e48041cd04a747c6da556b65c4\windows-amd64\native-platform-file-events.dll
0x00007ffdf4ec0000 - 0x00007ffdf4ec9000 	C:\Program Files\Java\jdk-11.0.11\bin\management.dll
0x00007ffdf4170000 - 0x00007ffdf417b000 	C:\Program Files\Java\jdk-11.0.11\bin\management_ext.dll
0x00007ffe0d2c0000 - 0x00007ffe0d2d8000 	C:\WINDOWS\SYSTEM32\CRYPTSP.dll
0x00007ffe0cbb0000 - 0x00007ffe0cbe5000 	C:\WINDOWS\system32\rsaenh.dll
0x00007ffe0d170000 - 0x00007ffe0d199000 	C:\WINDOWS\SYSTEM32\USERENV.dll
0x00007ffe0d4b0000 - 0x00007ffe0d4d7000 	C:\WINDOWS\SYSTEM32\bcrypt.dll
0x00007ffe0d2e0000 - 0x00007ffe0d2ec000 	C:\WINDOWS\SYSTEM32\CRYPTBASE.dll
0x00007ffe0c7c0000 - 0x00007ffe0c7ed000 	C:\WINDOWS\SYSTEM32\IPHLPAPI.DLL
0x00007ffe0f880000 - 0x00007ffe0f889000 	C:\WINDOWS\System32\NSI.dll
0x00007ffdff0c0000 - 0x00007ffdff0d9000 	C:\WINDOWS\SYSTEM32\dhcpcsvc6.DLL
0x00007ffdff2f0000 - 0x00007ffdff30e000 	C:\WINDOWS\SYSTEM32\dhcpcsvc.DLL
0x00007ffe0c7f0000 - 0x00007ffe0c8d8000 	C:\WINDOWS\SYSTEM32\DNSAPI.dll

dbghelp: loaded successfully - version: 4.0.5 - missing functions: none
symbol engine: initialized successfully - sym options: 0x614 - pdb path: .;C:\Program Files\Java\jdk-11.0.11\bin;C:\WINDOWS\SYSTEM32;C:\WINDOWS\WinSxS\amd64_microsoft.windows.common-controls_6595b64144ccf1df_6.0.22000.120_none_9d947278b86cc467;C:\Program Files\Java\jdk-11.0.11\bin\server;C:\Users\jeyas\.gradle\native\49d0259a56938c7f99b2704e745ce422c4f750a7a20b539a32ccef96729676b1\windows-amd64;C:\Users\jeyas\.gradle\native\12488b8bf47d2d4c9fbf2f6322a914ad602e24e48041cd04a747c6da556b65c4\windows-amd64

VM Arguments:
jvm_args: --add-opens=java.base/java.util=ALL-UNNAMED --add-opens=java.base/java.lang=ALL-UNNAMED --add-opens=java.base/java.lang.invoke=ALL-UNNAMED --add-opens=java.prefs/java.util.prefs=ALL-UNNAMED -Xmx4608m -Dfile.encoding=windows-1252 -Duser.country=IN -Duser.language=en -Duser.variant 
java_command: org.gradle.launcher.daemon.bootstrap.GradleDaemon 6.9
java_class_path (initial): C:\Users\jeyas\.gradle\wrapper\dists\gradle-6.9-all\dooywd8nv05k16orzxge2b1bs\gradle-6.9\lib\gradle-launcher-6.9.jar
Launcher Type: SUN_STANDARD

[Global flags]
     intx CICompilerCount                          = 2                                         {product} {ergonomic}
     uint ConcGCThreads                            = 1                                         {product} {ergonomic}
     uint G1ConcRefinementThreads                  = 2                                         {product} {ergonomic}
   size_t G1HeapRegionSize                         = 1048576                                   {product} {ergonomic}
    uintx GCDrainStackTargetSize                   = 64                                        {product} {ergonomic}
   size_t InitialHeapSize                          = 62914560                                  {product} {ergonomic}
   size_t MarkStackSize                            = 4194304                                   {product} {ergonomic}
   size_t MaxHeapSize                              = 4831838208                                {product} {command line}
   size_t MaxNewSize                               = 2898264064                                {product} {ergonomic}
   size_t MinHeapDeltaBytes                        = 1048576                                   {product} {ergonomic}
    uintx NonNMethodCodeHeapSize                   = 5825164                                {pd product} {ergonomic}
    uintx NonProfiledCodeHeapSize                  = 122916538                              {pd product} {ergonomic}
    uintx ProfiledCodeHeapSize                     = 122916538                              {pd product} {ergonomic}
    uintx ReservedCodeCacheSize                    = 251658240                              {pd product} {ergonomic}
     bool SegmentedCodeCache                       = true                                      {product} {ergonomic}
     bool UseCompressedClassPointers               = true                                 {lp64_product} {ergonomic}
     bool UseCompressedOops                        = true                                 {lp64_product} {ergonomic}
     bool UseG1GC                                  = true                                      {product} {ergonomic}
     bool UseLargePagesIndividualAllocation        = false                                  {pd product} {ergonomic}

Logging:
Log output configuration:
 #0: stdout all=warning uptime,level,tags
 #1: stderr all=off uptime,level,tags

Environment Variables:
JAVA_HOME=C:\Program Files\Java\jdk-11.0.11
PATH=C:\Users\jeyas\bin;C:\Program Files\Git\mingw64\bin;C:\Program Files\Git\usr\local\bin;C:\Program Files\Git\usr\bin;C:\Program Files\Git\usr\bin;C:\Program Files\Git\mingw64\bin;C:\Program Files\Git\usr\bin;C:\Users\jeyas\bin;C:\Python310\Scripts;C:\Python310;C:\Program Files\Common Files\Oracle\Java\javapath;C:\Windows\system32;C:\Windows;C:\Windows\System32\Wbem;C:\Windows\System32\WindowsPowerShell\v1.0;C:\Windows\System32\OpenSSH;C:\Users\jeyas\AppData\Local\Programs\Python\Python39;C:\Users\jeyas\AppData\Local\Programs\Python\Python39\Scripts;C:\MinGW;C:\Program Files\Java\jdk-11.0.11\bin;C:\xampp\php;C:\ProgramData\chocolatey\bin;C:\Program Files (x86)\PuTTY;C:\Program Files\Git\cmd;C:\ProgramData\ComposerSetup\bin;C:\Program Files\GitHub CLI;C:\Program Files\nodejs;%SystemRoot%\system32;%SystemRoot%;%SystemRoot%\System32\Wbem;%SYSTEMROOT%\System32\WindowsPowerShell\v1.0;%SYSTEMROOT%\System32\OpenSSH;C:\Users\jeyas\AppData\Local\Microsoft\WindowsApps;C:\Users\jeyas\AppData\Local\Programs\Microsoft VS Code Insiders\bin;C:\Users\jeyas\Documents\mainApplication\danielfayomi-attachments (1)\Simple__Bookreviews__2\Simple__Bookreviews__2\venv\Scripts;C:\MinGW\bin;C:\flutter_windows_3.0.1-stable\flutter\bin;C:\Program Files\heroku\bin;C:\Program Files (x86)\GitHub CLI;C:\Users\jeyas\AppData\Roaming\Composer\vendor\bin;C:\Users\jeyas\AppData\Roaming\npm;C:\Users\jeyas\AppData\Local\Programs\Microsoft VS Code\bin;C:\Program Files\Git\usr\bin\vendor_perl;C:\Program Files\Git\usr\bin\core_perl
USERNAME=jeyas
SHELL=C:\Program Files\Git\usr\bin\bash.exe
DISPLAY=needs-to-be-defined
OS=Windows_NT
PROCESSOR_IDENTIFIER=Intel64 Family 6 Model 122 Stepping 8, GenuineIntel



---------------  S Y S T E M  ---------------

OS: Windows 10 , 64 bit Build 22000 (10.0.22000.675)

CPU:total 2 (initial active 2) (2 cores per cpu, 1 threads per core) family 6 model 122 stepping 8 microcode 0x18, cmov, cx8, fxsr, mmx, sse, sse2, sse3, ssse3, sse4.1, sse4.2, popcnt, aes, clmul, erms, 3dnowpref, tsc, tscinvbit, sha

Memory: 4k page, system-wide physical 3737M (222M free)
TotalPageFile size 15001M (AvailPageFile size 25M)
current process WorkingSet (physical memory assigned to process): 367M, peak: 372M
current process commit charge ("private bytes"): 417M, peak: 463M

vm_info: Java HotSpot(TM) 64-Bit Server VM (11.0.11+9-LTS-194) for windows-amd64 JRE (11.0.11+9-LTS-194), built on Mar 18 2021 18:46:53 by "mach5one" with MS VC++ 15.9 (VS2017)

END.
